<?xml version="1.0" encoding="UTF-8"?>
<testng-results ignored="0" total="1" passed="1" failed="0" skipped="0">
  <reporter-output>
  </reporter-output>
  <suite started-at="2025-02-05T10:47:36 IST" name="Default suite" finished-at="2025-02-05T10:48:58 IST" duration-ms="82752">
    <groups>
    </groups>
    <test started-at="2025-02-05T10:47:36 IST" name="Default test" finished-at="2025-02-05T10:48:58 IST" duration-ms="82752">
      <class name="testpackage.LumaTest">
        <test-method is-config="true" signature="setUp()[pri:0, instance:testpackage.LumaTest@53f3bdbd]" started-at="2025-02-05T10:47:36 IST" name="setUp" finished-at="2025-02-05T10:47:58 IST" duration-ms="22497" status="PASS">
          <reporter-output>
          </reporter-output>
        </test-method> <!-- setUp -->
        <test-method signature="luma()[pri:0, instance:testpackage.LumaTest@53f3bdbd]" started-at="2025-02-05T10:47:58 IST" name="luma" finished-at="2025-02-05T10:48:58 IST" duration-ms="60170" status="PASS">
          <reporter-output>
          </reporter-output>
        </test-method> <!-- luma -->
      </class> <!-- testpackage.LumaTest -->
    </test> <!-- Default test -->
  </suite> <!-- Default suite -->
</testng-results>
