<?xml version="1.0" encoding="UTF-8"?>
<testng-results ignored="0" total="1" passed="1" failed="0" skipped="0">
  <reporter-output>
  </reporter-output>
  <suite started-at="2025-01-31T19:35:02 IST" name="Default suite" finished-at="2025-01-31T19:35:08 IST" duration-ms="6432">
    <groups>
    </groups>
    <test started-at="2025-01-31T19:35:02 IST" name="Default test" finished-at="2025-01-31T19:35:08 IST" duration-ms="6432">
      <class name="testngpackage.WindowHandlingPg">
        <test-method is-config="true" signature="setUp()[pri:0, instance:testngpackage.WindowHandlingPg@f09733f]" started-at="2025-01-31T19:35:02 IST" name="setUp" finished-at="2025-01-31T19:35:07 IST" duration-ms="5117" status="PASS">
          <reporter-output>
          </reporter-output>
        </test-method> <!-- setUp -->
        <test-method signature="windowHandling()[pri:0, instance:testngpackage.WindowHandlingPg@f09733f]" started-at="2025-01-31T19:35:07 IST" name="windowHandling" finished-at="2025-01-31T19:35:08 IST" duration-ms="1229" status="PASS">
          <reporter-output>
          </reporter-output>
        </test-method> <!-- windowHandling -->
      </class> <!-- testngpackage.WindowHandlingPg -->
    </test> <!-- Default test -->
  </suite> <!-- Default suite -->
</testng-results>
