<?xml version="1.0" encoding="UTF-8"?>
<testng-results ignored="0" total="1" passed="1" failed="0" skipped="0">
  <reporter-output>
  </reporter-output>
  <suite started-at="2025-01-09T18:07:57 IST" name="Default suite" finished-at="2025-01-09T18:08:03 IST" duration-ms="6132">
    <groups>
    </groups>
    <test started-at="2025-01-09T18:07:57 IST" name="Default test" finished-at="2025-01-09T18:08:03 IST" duration-ms="6132">
      <class name="testpackage.FbLoginTest">
        <test-method is-config="true" signature="setUp()[pri:0, instance:testpackage.FbLoginTest@13fd2ccd]" started-at="2025-01-09T18:07:57 IST" name="setUp" finished-at="2025-01-09T18:08:03 IST" duration-ms="5734" status="PASS">
          <reporter-output>
          </reporter-output>
        </test-method> <!-- setUp -->
        <test-method signature="testLogin()[pri:0, instance:testpackage.FbLoginTest@13fd2ccd]" started-at="2025-01-09T18:08:03 IST" name="testLogin" finished-at="2025-01-09T18:08:03 IST" duration-ms="351" status="PASS">
          <reporter-output>
          </reporter-output>
        </test-method> <!-- testLogin -->
      </class> <!-- testpackage.FbLoginTest -->
    </test> <!-- Default test -->
  </suite> <!-- Default suite -->
</testng-results>
